1516540765656:ls
1516540767206:ll
1516540775748:resolve
1516540840636:help
1516540858632:resolve
1516541068097:resolve -m YOUTUBE_VIDEO_INFO -i yi.csv -o yo.csv
1517824647172:resolve-acmp-tasks -i ../../../Downloads/Первый\\ этап\\ курсов\\ GP\\ (Ответы)\\ -\\ Ответы\\ на\\ форму\\ (1).csv -o ../acmp_out.csv -r 579,670,278,557
1517824669558:resolve-acmp-tasks -i ../../Downloads/Первый\\ этап\\ курсов\\ GP\\ (Ответы)\\ -\\ Ответы\\ на\\ форму\\ (1).csv -o ../acmp_out.csv -r 579,670,278,557
1517825184180:stacktrace
1517825344379:resolve-acmp-tasks -i ../../Downloads/Первый\\ этап\\ курсов\\ GP\\ (Ответы)\\ -\\ Ответы\\ на\\ форму\\ (1).csv -o ../acmp_out.csv -r 579,670,278,557
1517990661217:resolve-acmpt-tasks -r 579,670,278,557
1517990677436:resolve-acmp-tasks -r 579,670,278,557
1518374895323:help
1518374903799:resolve-acmp-tasks
1518374927047:resolve -t KP_LINK
1518374935433:stacktrace
1518374969415:resolve -m KP_LINK
1518374976085:stacktrace
1518375026325:resolve -m KP_LINK
1518375033022:stacktrace
1518375074083:resolve -m KP_LINK
1518375118600:stacktrace
1518375167922:resolve -m KP_LINK
1519111567615:help
1519111572407:resolve -m YOUTUBE_VIDEO_INFO
1519313829100:resolve YOUTUBE_VIDEO_INFOm
1519313832963:resolve -m YOUTUBE_VIDEO_INFO
1526308881447:help
1526308895389:resolve -m KP_LINK
1526309355778:resolve -m
1526309375663:resolve -m YOUTUBE_VIDEO_INFO
1526309393582:stacktrace
1526309436490:resolve -m YOUTUBE_VIDEO_INFO
